<?xml version="1.0" encoding="UTF-8"?>
<con:testCase id="192e85fc-78ed-462a-86ed-6a92b352359f" discardOkResults="true" failOnError="true" failTestCaseOnErrors="true" keepSession="false" name="Test-property-transfer" searchProperties="true" timeout="0" xmlns:con="http://eviware.com/soapui/config">
  <con:settings>
    <con:setting id="192e85fc-78ed-462a-86ed-6a92b352359ffileName">Test-property-transfer</con:setting>
  </con:settings>
  <con:savedRecentRuns>1</con:savedRecentRuns>
  <con:testStep type="properties" name="Properties" id="11942097-70f9-43c3-9c58-3336a769dbc4">
    <con:settings/>
    <con:config xsi:type="con:PropertiesStep" saveFirst="true" xmlns:xsi="http://www.w3.org/2001/XMLSchema-instance">
      <con:properties>
        <con:property>
          <con:name>Test</con:name>
          <con:value/>
        </con:property>
      </con:properties>
    </con:config>
  </con:testStep>
  <con:properties/>
  <con:reportParameters/>
</con:testCase>
